[2021-12-16 06:33:23] local.ERROR: Too few arguments to function App\Http\Controllers\CronjobController::deleteShuftiproRecord(), 0 passed and exactly 1 expected {"exception":"[object] (Symfony\\Component\\Debug\\Exception\\FatalThrowableError(code: 0): Too few arguments to function App\\Http\\Controllers\\CronjobController::deleteShuftiproRecord(), 0 passed and exactly 1 expected at C:\\xampp\\htdocs\\zakah_app\\app\\Http\\Controllers\\CronjobController.php:164)
[stacktrace]
#0 [internal function]: App\\Http\\Controllers\\CronjobController->deleteShuftiproRecord()
#1 C:\\xampp\\htdocs\\zakah_app\\vendor\\laravel\\framework\\src\\Illuminate\\Routing\\Controller.php(54): call_user_func_array(Array, Array)
#2 C:\\xampp\\htdocs\\zakah_app\\vendor\\laravel\\framework\\src\\Illuminate\\Routing\\ControllerDispatcher.php(45): Illuminate\\Routing\\Controller->callAction('deleteShuftipro...', Array)
#3 C:\\xampp\\htdocs\\zakah_app\\vendor\\laravel\\framework\\src\\Illuminate\\Routing\\Route.php(219): Illuminate\\Routing\\ControllerDispatcher->dispatch(Object(Illuminate\\Routing\\Route), Object(App\\Http\\Controllers\\CronjobController), 'deleteShuftipro...')
#4 C:\\xampp\\htdocs\\zakah_app\\vendor\\laravel\\framework\\src\\Illuminate\\Routing\\Route.php(176): Illuminate\\Routing\\Route->runController()
#5 C:\\xampp\\htdocs\\zakah_app\\vendor\\laravel\\framework\\src\\Illuminate\\Routing\\Router.php(680): Illuminate\\Routing\\Route->run()
#6 C:\\xampp\\htdocs\\zakah_app\\vendor\\laravel\\framework\\src\\Illuminate\\Routing\\Pipeline.php(30): Illuminate\\Routing\\Router->Illuminate\\Routing\\{closure}(Object(Illuminate\\Http\\Request))
#7 C:\\xampp\\htdocs\\zakah_app\\vendor\\laravel\\framework\\src\\Illuminate\\Foundation\\Http\\Middleware\\VerifyCsrfToken.php(75): Illuminate\\Routing\\Pipeline->Illuminate\\Routing\\{closure}(Object(Illuminate\\Http\\Request))
#8 C:\\xampp\\htdocs\\zakah_app\\vendor\\laravel\\framework\\src\\Illuminate\\Pipeline\\Pipeline.php(163): Illuminate\\Foundation\\Http\\Middleware\\VerifyCsrfToken->handle(Object(Illuminate\\Http\\Request), Object(Closure))
#9 C:\\xampp\\htdocs\\zakah_app\\vendor\\laravel\\framework\\src\\Illuminate\\Routing\\Pipeline.php(53): Illuminate\\Pipeline\\Pipeline->Illuminate\\Pipeline\\{closure}(Object(Illuminate\\Http\\Request))
#10 C:\\xampp\\htdocs\\zakah_app\\vendor\\laravel\\framework\\src\\Illuminate\\View\\Middleware\\ShareErrorsFromSession.php(49): Illuminate\\Routing\\Pipeline->Illuminate\\Routing\\{closure}(Object(Illuminate\\Http\\Request))
#11 C:\\xampp\\htdocs\\zakah_app\\vendor\\laravel\\framework\\src\\Illuminate\\Pipeline\\Pipeline.php(163): Illuminate\\View\\Middleware\\ShareErrorsFromSession->handle(Object(Illuminate\\Http\\Request), Object(Closure))
#12 C:\\xampp\\htdocs\\zakah_app\\vendor\\laravel\\framework\\src\\Illuminate\\Routing\\Pipeline.php(53): Illuminate\\Pipeline\\Pipeline->Illuminate\\Pipeline\\{closure}(Object(Illuminate\\Http\\Request))
#13 C:\\xampp\\htdocs\\zakah_app\\vendor\\laravel\\framework\\src\\Illuminate\\Session\\Middleware\\StartSession.php(56): Illuminate\\Routing\\Pipeline->Illuminate\\Routing\\{closure}(Object(Illuminate\\Http\\Request))
#14 C:\\xampp\\htdocs\\zakah_app\\vendor\\laravel\\framework\\src\\Illuminate\\Pipeline\\Pipeline.php(163): Illuminate\\Session\\Middleware\\StartSession->handle(Object(Illuminate\\Http\\Request), Object(Closure))
#15 C:\\xampp\\htdocs\\zakah_app\\vendor\\laravel\\framework\\src\\Illuminate\\Routing\\Pipeline.php(53): Illuminate\\Pipeline\\Pipeline->Illuminate\\Pipeline\\{closure}(Object(Illuminate\\Http\\Request))
#16 C:\\xampp\\htdocs\\zakah_app\\vendor\\laravel\\framework\\src\\Illuminate\\Cookie\\Middleware\\AddQueuedCookiesToResponse.php(37): Illuminate\\Routing\\Pipeline->Illuminate\\Routing\\{closure}(Object(Illuminate\\Http\\Request))
#17 C:\\xampp\\htdocs\\zakah_app\\vendor\\laravel\\framework\\src\\Illuminate\\Pipeline\\Pipeline.php(163): Illuminate\\Cookie\\Middleware\\AddQueuedCookiesToResponse->handle(Object(Illuminate\\Http\\Request), Object(Closure))
#18 C:\\xampp\\htdocs\\zakah_app\\vendor\\laravel\\framework\\src\\Illuminate\\Routing\\Pipeline.php(53): Illuminate\\Pipeline\\Pipeline->Illuminate\\Pipeline\\{closure}(Object(Illuminate\\Http\\Request))
#19 C:\\xampp\\htdocs\\zakah_app\\vendor\\laravel\\framework\\src\\Illuminate\\Cookie\\Middleware\\EncryptCookies.php(66): Illuminate\\Routing\\Pipeline->Illuminate\\Routing\\{closure}(Object(Illuminate\\Http\\Request))
#20 C:\\xampp\\htdocs\\zakah_app\\vendor\\laravel\\framework\\src\\Illuminate\\Pipeline\\Pipeline.php(163): Illuminate\\Cookie\\Middleware\\EncryptCookies->handle(Object(Illuminate\\Http\\Request), Object(Closure))
#21 C:\\xampp\\htdocs\\zakah_app\\vendor\\laravel\\framework\\src\\Illuminate\\Routing\\Pipeline.php(53): Illuminate\\Pipeline\\Pipeline->Illuminate\\Pipeline\\{closure}(Object(Illuminate\\Http\\Request))
#22 C:\\xampp\\htdocs\\zakah_app\\vendor\\laravel\\framework\\src\\Illuminate\\Pipeline\\Pipeline.php(104): Illuminate\\Routing\\Pipeline->Illuminate\\Routing\\{closure}(Object(Illuminate\\Http\\Request))
#23 C:\\xampp\\htdocs\\zakah_app\\vendor\\laravel\\framework\\src\\Illuminate\\Routing\\Router.php(682): Illuminate\\Pipeline\\Pipeline->then(Object(Closure))
#24 C:\\xampp\\htdocs\\zakah_app\\vendor\\laravel\\framework\\src\\Illuminate\\Routing\\Router.php(657): Illuminate\\Routing\\Router->runRouteWithinStack(Object(Illuminate\\Routing\\Route), Object(Illuminate\\Http\\Request))
#25 C:\\xampp\\htdocs\\zakah_app\\vendor\\laravel\\framework\\src\\Illuminate\\Routing\\Router.php(623): Illuminate\\Routing\\Router->runRoute(Object(Illuminate\\Http\\Request), Object(Illuminate\\Routing\\Route))
#26 C:\\xampp\\htdocs\\zakah_app\\vendor\\laravel\\framework\\src\\Illuminate\\Routing\\Router.php(612): Illuminate\\Routing\\Router->dispatchToRoute(Object(Illuminate\\Http\\Request))
#27 C:\\xampp\\htdocs\\zakah_app\\vendor\\laravel\\framework\\src\\Illuminate\\Foundation\\Http\\Kernel.php(176): Illuminate\\Routing\\Router->dispatch(Object(Illuminate\\Http\\Request))
#28 C:\\xampp\\htdocs\\zakah_app\\vendor\\laravel\\framework\\src\\Illuminate\\Routing\\Pipeline.php(30): Illuminate\\Foundation\\Http\\Kernel->Illuminate\\Foundation\\Http\\{closure}(Object(Illuminate\\Http\\Request))
#29 C:\\xampp\\htdocs\\zakah_app\\vendor\\laravel\\framework\\src\\Illuminate\\Foundation\\Http\\Middleware\\TransformsRequest.php(21): Illuminate\\Routing\\Pipeline->Illuminate\\Routing\\{closure}(Object(Illuminate\\Http\\Request))
#30 C:\\xampp\\htdocs\\zakah_app\\vendor\\laravel\\framework\\src\\Illuminate\\Pipeline\\Pipeline.php(163): Illuminate\\Foundation\\Http\\Middleware\\TransformsRequest->handle(Object(Illuminate\\Http\\Request), Object(Closure))
#31 C:\\xampp\\htdocs\\zakah_app\\vendor\\laravel\\framework\\src\\Illuminate\\Routing\\Pipeline.php(53): Illuminate\\Pipeline\\Pipeline->Illuminate\\Pipeline\\{closure}(Object(Illuminate\\Http\\Request))
#32 C:\\xampp\\htdocs\\zakah_app\\vendor\\laravel\\framework\\src\\Illuminate\\Foundation\\Http\\Middleware\\TransformsRequest.php(21): Illuminate\\Routing\\Pipeline->Illuminate\\Routing\\{closure}(Object(Illuminate\\Http\\Request))
#33 C:\\xampp\\htdocs\\zakah_app\\vendor\\laravel\\framework\\src\\Illuminate\\Pipeline\\Pipeline.php(163): Illuminate\\Foundation\\Http\\Middleware\\TransformsRequest->handle(Object(Illuminate\\Http\\Request), Object(Closure))
#34 C:\\xampp\\htdocs\\zakah_app\\vendor\\laravel\\framework\\src\\Illuminate\\Routing\\Pipeline.php(53): Illuminate\\Pipeline\\Pipeline->Illuminate\\Pipeline\\{closure}(Object(Illuminate\\Http\\Request))
#35 C:\\xampp\\htdocs\\zakah_app\\vendor\\laravel\\framework\\src\\Illuminate\\Foundation\\Http\\Middleware\\ValidatePostSize.php(27): Illuminate\\Routing\\Pipeline->Illuminate\\Routing\\{closure}(Object(Illuminate\\Http\\Request))
#36 C:\\xampp\\htdocs\\zakah_app\\vendor\\laravel\\framework\\src\\Illuminate\\Pipeline\\Pipeline.php(163): Illuminate\\Foundation\\Http\\Middleware\\ValidatePostSize->handle(Object(Illuminate\\Http\\Request), Object(Closure))
#37 C:\\xampp\\htdocs\\zakah_app\\vendor\\laravel\\framework\\src\\Illuminate\\Routing\\Pipeline.php(53): Illuminate\\Pipeline\\Pipeline->Illuminate\\Pipeline\\{closure}(Object(Illuminate\\Http\\Request))
#38 C:\\xampp\\htdocs\\zakah_app\\vendor\\laravel\\framework\\src\\Illuminate\\Foundation\\Http\\Middleware\\CheckForMaintenanceMode.php(62): Illuminate\\Routing\\Pipeline->Illuminate\\Routing\\{closure}(Object(Illuminate\\Http\\Request))
#39 C:\\xampp\\htdocs\\zakah_app\\vendor\\laravel\\framework\\src\\Illuminate\\Pipeline\\Pipeline.php(163): Illuminate\\Foundation\\Http\\Middleware\\CheckForMaintenanceMode->handle(Object(Illuminate\\Http\\Request), Object(Closure))
#40 C:\\xampp\\htdocs\\zakah_app\\vendor\\laravel\\framework\\src\\Illuminate\\Routing\\Pipeline.php(53): Illuminate\\Pipeline\\Pipeline->Illuminate\\Pipeline\\{closure}(Object(Illuminate\\Http\\Request))
#41 C:\\xampp\\htdocs\\zakah_app\\vendor\\fideloper\\proxy\\src\\TrustProxies.php(57): Illuminate\\Routing\\Pipeline->Illuminate\\Routing\\{closure}(Object(Illuminate\\Http\\Request))
#42 C:\\xampp\\htdocs\\zakah_app\\vendor\\laravel\\framework\\src\\Illuminate\\Pipeline\\Pipeline.php(163): Fideloper\\Proxy\\TrustProxies->handle(Object(Illuminate\\Http\\Request), Object(Closure))
#43 C:\\xampp\\htdocs\\zakah_app\\vendor\\laravel\\framework\\src\\Illuminate\\Routing\\Pipeline.php(53): Illuminate\\Pipeline\\Pipeline->Illuminate\\Pipeline\\{closure}(Object(Illuminate\\Http\\Request))
#44 C:\\xampp\\htdocs\\zakah_app\\vendor\\laravel\\framework\\src\\Illuminate\\Pipeline\\Pipeline.php(104): Illuminate\\Routing\\Pipeline->Illuminate\\Routing\\{closure}(Object(Illuminate\\Http\\Request))
#45 C:\\xampp\\htdocs\\zakah_app\\vendor\\laravel\\framework\\src\\Illuminate\\Foundation\\Http\\Kernel.php(151): Illuminate\\Pipeline\\Pipeline->then(Object(Closure))
#46 C:\\xampp\\htdocs\\zakah_app\\vendor\\laravel\\framework\\src\\Illuminate\\Foundation\\Http\\Kernel.php(116): Illuminate\\Foundation\\Http\\Kernel->sendRequestThroughRouter(Object(Illuminate\\Http\\Request))
#47 C:\\xampp\\htdocs\\zakah_app\\public\\index.php(55): Illuminate\\Foundation\\Http\\Kernel->handle(Object(Illuminate\\Http\\Request))
#48 C:\\xampp\\htdocs\\zakah_app\\server.php(21): require_once('C:\\\\xampp\\\\htdocs...')
#49 {main}
"} 
[2021-12-16 06:33:41] local.INFO: delete_1  
[2021-12-16 06:33:41] local.ERROR: Undefined variable: reference {"exception":"[object] (ErrorException(code: 0): Undefined variable: reference at C:\\xampp\\htdocs\\zakah_app\\app\\Http\\Controllers\\CronjobController.php:197)
[stacktrace]
#0 C:\\xampp\\htdocs\\zakah_app\\app\\Http\\Controllers\\CronjobController.php(197): Illuminate\\Foundation\\Bootstrap\\HandleExceptions->handleError(8, 'Undefined varia...', 'C:\\\\xampp\\\\htdocs...', 197, Array)
#1 [internal function]: App\\Http\\Controllers\\CronjobController->deleteShuftiproRecord()
#2 C:\\xampp\\htdocs\\zakah_app\\vendor\\laravel\\framework\\src\\Illuminate\\Routing\\Controller.php(54): call_user_func_array(Array, Array)
#3 C:\\xampp\\htdocs\\zakah_app\\vendor\\laravel\\framework\\src\\Illuminate\\Routing\\ControllerDispatcher.php(45): Illuminate\\Routing\\Controller->callAction('deleteShuftipro...', Array)
#4 C:\\xampp\\htdocs\\zakah_app\\vendor\\laravel\\framework\\src\\Illuminate\\Routing\\Route.php(219): Illuminate\\Routing\\ControllerDispatcher->dispatch(Object(Illuminate\\Routing\\Route), Object(App\\Http\\Controllers\\CronjobController), 'deleteShuftipro...')
#5 C:\\xampp\\htdocs\\zakah_app\\vendor\\laravel\\framework\\src\\Illuminate\\Routing\\Route.php(176): Illuminate\\Routing\\Route->runController()
#6 C:\\xampp\\htdocs\\zakah_app\\vendor\\laravel\\framework\\src\\Illuminate\\Routing\\Router.php(680): Illuminate\\Routing\\Route->run()
#7 C:\\xampp\\htdocs\\zakah_app\\vendor\\laravel\\framework\\src\\Illuminate\\Routing\\Pipeline.php(30): Illuminate\\Routing\\Router->Illuminate\\Routing\\{closure}(Object(Illuminate\\Http\\Request))
#8 C:\\xampp\\htdocs\\zakah_app\\vendor\\laravel\\framework\\src\\Illuminate\\Foundation\\Http\\Middleware\\VerifyCsrfToken.php(75): Illuminate\\Routing\\Pipeline->Illuminate\\Routing\\{closure}(Object(Illuminate\\Http\\Request))
#9 C:\\xampp\\htdocs\\zakah_app\\vendor\\laravel\\framework\\src\\Illuminate\\Pipeline\\Pipeline.php(163): Illuminate\\Foundation\\Http\\Middleware\\VerifyCsrfToken->handle(Object(Illuminate\\Http\\Request), Object(Closure))
#10 C:\\xampp\\htdocs\\zakah_app\\vendor\\laravel\\framework\\src\\Illuminate\\Routing\\Pipeline.php(53): Illuminate\\Pipeline\\Pipeline->Illuminate\\Pipeline\\{closure}(Object(Illuminate\\Http\\Request))
#11 C:\\xampp\\htdocs\\zakah_app\\vendor\\laravel\\framework\\src\\Illuminate\\View\\Middleware\\ShareErrorsFromSession.php(49): Illuminate\\Routing\\Pipeline->Illuminate\\Routing\\{closure}(Object(Illuminate\\Http\\Request))
#12 C:\\xampp\\htdocs\\zakah_app\\vendor\\laravel\\framework\\src\\Illuminate\\Pipeline\\Pipeline.php(163): Illuminate\\View\\Middleware\\ShareErrorsFromSession->handle(Object(Illuminate\\Http\\Request), Object(Closure))
#13 C:\\xampp\\htdocs\\zakah_app\\vendor\\laravel\\framework\\src\\Illuminate\\Routing\\Pipeline.php(53): Illuminate\\Pipeline\\Pipeline->Illuminate\\Pipeline\\{closure}(Object(Illuminate\\Http\\Request))
#14 C:\\xampp\\htdocs\\zakah_app\\vendor\\laravel\\framework\\src\\Illuminate\\Session\\Middleware\\StartSession.php(56): Illuminate\\Routing\\Pipeline->Illuminate\\Routing\\{closure}(Object(Illuminate\\Http\\Request))
#15 C:\\xampp\\htdocs\\zakah_app\\vendor\\laravel\\framework\\src\\Illuminate\\Pipeline\\Pipeline.php(163): Illuminate\\Session\\Middleware\\StartSession->handle(Object(Illuminate\\Http\\Request), Object(Closure))
#16 C:\\xampp\\htdocs\\zakah_app\\vendor\\laravel\\framework\\src\\Illuminate\\Routing\\Pipeline.php(53): Illuminate\\Pipeline\\Pipeline->Illuminate\\Pipeline\\{closure}(Object(Illuminate\\Http\\Request))
#17 C:\\xampp\\htdocs\\zakah_app\\vendor\\laravel\\framework\\src\\Illuminate\\Cookie\\Middleware\\AddQueuedCookiesToResponse.php(37): Illuminate\\Routing\\Pipeline->Illuminate\\Routing\\{closure}(Object(Illuminate\\Http\\Request))
#18 C:\\xampp\\htdocs\\zakah_app\\vendor\\laravel\\framework\\src\\Illuminate\\Pipeline\\Pipeline.php(163): Illuminate\\Cookie\\Middleware\\AddQueuedCookiesToResponse->handle(Object(Illuminate\\Http\\Request), Object(Closure))
#19 C:\\xampp\\htdocs\\zakah_app\\vendor\\laravel\\framework\\src\\Illuminate\\Routing\\Pipeline.php(53): Illuminate\\Pipeline\\Pipeline->Illuminate\\Pipeline\\{closure}(Object(Illuminate\\Http\\Request))
#20 C:\\xampp\\htdocs\\zakah_app\\vendor\\laravel\\framework\\src\\Illuminate\\Cookie\\Middleware\\EncryptCookies.php(66): Illuminate\\Routing\\Pipeline->Illuminate\\Routing\\{closure}(Object(Illuminate\\Http\\Request))
#21 C:\\xampp\\htdocs\\zakah_app\\vendor\\laravel\\framework\\src\\Illuminate\\Pipeline\\Pipeline.php(163): Illuminate\\Cookie\\Middleware\\EncryptCookies->handle(Object(Illuminate\\Http\\Request), Object(Closure))
#22 C:\\xampp\\htdocs\\zakah_app\\vendor\\laravel\\framework\\src\\Illuminate\\Routing\\Pipeline.php(53): Illuminate\\Pipeline\\Pipeline->Illuminate\\Pipeline\\{closure}(Object(Illuminate\\Http\\Request))
#23 C:\\xampp\\htdocs\\zakah_app\\vendor\\laravel\\framework\\src\\Illuminate\\Pipeline\\Pipeline.php(104): Illuminate\\Routing\\Pipeline->Illuminate\\Routing\\{closure}(Object(Illuminate\\Http\\Request))
#24 C:\\xampp\\htdocs\\zakah_app\\vendor\\laravel\\framework\\src\\Illuminate\\Routing\\Router.php(682): Illuminate\\Pipeline\\Pipeline->then(Object(Closure))
#25 C:\\xampp\\htdocs\\zakah_app\\vendor\\laravel\\framework\\src\\Illuminate\\Routing\\Router.php(657): Illuminate\\Routing\\Router->runRouteWithinStack(Object(Illuminate\\Routing\\Route), Object(Illuminate\\Http\\Request))
#26 C:\\xampp\\htdocs\\zakah_app\\vendor\\laravel\\framework\\src\\Illuminate\\Routing\\Router.php(623): Illuminate\\Routing\\Router->runRoute(Object(Illuminate\\Http\\Request), Object(Illuminate\\Routing\\Route))
#27 C:\\xampp\\htdocs\\zakah_app\\vendor\\laravel\\framework\\src\\Illuminate\\Routing\\Router.php(612): Illuminate\\Routing\\Router->dispatchToRoute(Object(Illuminate\\Http\\Request))
#28 C:\\xampp\\htdocs\\zakah_app\\vendor\\laravel\\framework\\src\\Illuminate\\Foundation\\Http\\Kernel.php(176): Illuminate\\Routing\\Router->dispatch(Object(Illuminate\\Http\\Request))
#29 C:\\xampp\\htdocs\\zakah_app\\vendor\\laravel\\framework\\src\\Illuminate\\Routing\\Pipeline.php(30): Illuminate\\Foundation\\Http\\Kernel->Illuminate\\Foundation\\Http\\{closure}(Object(Illuminate\\Http\\Request))
#30 C:\\xampp\\htdocs\\zakah_app\\vendor\\laravel\\framework\\src\\Illuminate\\Foundation\\Http\\Middleware\\TransformsRequest.php(21): Illuminate\\Routing\\Pipeline->Illuminate\\Routing\\{closure}(Object(Illuminate\\Http\\Request))
#31 C:\\xampp\\htdocs\\zakah_app\\vendor\\laravel\\framework\\src\\Illuminate\\Pipeline\\Pipeline.php(163): Illuminate\\Foundation\\Http\\Middleware\\TransformsRequest->handle(Object(Illuminate\\Http\\Request), Object(Closure))
#32 C:\\xampp\\htdocs\\zakah_app\\vendor\\laravel\\framework\\src\\Illuminate\\Routing\\Pipeline.php(53): Illuminate\\Pipeline\\Pipeline->Illuminate\\Pipeline\\{closure}(Object(Illuminate\\Http\\Request))
#33 C:\\xampp\\htdocs\\zakah_app\\vendor\\laravel\\framework\\src\\Illuminate\\Foundation\\Http\\Middleware\\TransformsRequest.php(21): Illuminate\\Routing\\Pipeline->Illuminate\\Routing\\{closure}(Object(Illuminate\\Http\\Request))
#34 C:\\xampp\\htdocs\\zakah_app\\vendor\\laravel\\framework\\src\\Illuminate\\Pipeline\\Pipeline.php(163): Illuminate\\Foundation\\Http\\Middleware\\TransformsRequest->handle(Object(Illuminate\\Http\\Request), Object(Closure))
#35 C:\\xampp\\htdocs\\zakah_app\\vendor\\laravel\\framework\\src\\Illuminate\\Routing\\Pipeline.php(53): Illuminate\\Pipeline\\Pipeline->Illuminate\\Pipeline\\{closure}(Object(Illuminate\\Http\\Request))
#36 C:\\xampp\\htdocs\\zakah_app\\vendor\\laravel\\framework\\src\\Illuminate\\Foundation\\Http\\Middleware\\ValidatePostSize.php(27): Illuminate\\Routing\\Pipeline->Illuminate\\Routing\\{closure}(Object(Illuminate\\Http\\Request))
#37 C:\\xampp\\htdocs\\zakah_app\\vendor\\laravel\\framework\\src\\Illuminate\\Pipeline\\Pipeline.php(163): Illuminate\\Foundation\\Http\\Middleware\\ValidatePostSize->handle(Object(Illuminate\\Http\\Request), Object(Closure))
#38 C:\\xampp\\htdocs\\zakah_app\\vendor\\laravel\\framework\\src\\Illuminate\\Routing\\Pipeline.php(53): Illuminate\\Pipeline\\Pipeline->Illuminate\\Pipeline\\{closure}(Object(Illuminate\\Http\\Request))
#39 C:\\xampp\\htdocs\\zakah_app\\vendor\\laravel\\framework\\src\\Illuminate\\Foundation\\Http\\Middleware\\CheckForMaintenanceMode.php(62): Illuminate\\Routing\\Pipeline->Illuminate\\Routing\\{closure}(Object(Illuminate\\Http\\Request))
#40 C:\\xampp\\htdocs\\zakah_app\\vendor\\laravel\\framework\\src\\Illuminate\\Pipeline\\Pipeline.php(163): Illuminate\\Foundation\\Http\\Middleware\\CheckForMaintenanceMode->handle(Object(Illuminate\\Http\\Request), Object(Closure))
#41 C:\\xampp\\htdocs\\zakah_app\\vendor\\laravel\\framework\\src\\Illuminate\\Routing\\Pipeline.php(53): Illuminate\\Pipeline\\Pipeline->Illuminate\\Pipeline\\{closure}(Object(Illuminate\\Http\\Request))
#42 C:\\xampp\\htdocs\\zakah_app\\vendor\\fideloper\\proxy\\src\\TrustProxies.php(57): Illuminate\\Routing\\Pipeline->Illuminate\\Routing\\{closure}(Object(Illuminate\\Http\\Request))
#43 C:\\xampp\\htdocs\\zakah_app\\vendor\\laravel\\framework\\src\\Illuminate\\Pipeline\\Pipeline.php(163): Fideloper\\Proxy\\TrustProxies->handle(Object(Illuminate\\Http\\Request), Object(Closure))
#44 C:\\xampp\\htdocs\\zakah_app\\vendor\\laravel\\framework\\src\\Illuminate\\Routing\\Pipeline.php(53): Illuminate\\Pipeline\\Pipeline->Illuminate\\Pipeline\\{closure}(Object(Illuminate\\Http\\Request))
#45 C:\\xampp\\htdocs\\zakah_app\\vendor\\laravel\\framework\\src\\Illuminate\\Pipeline\\Pipeline.php(104): Illuminate\\Routing\\Pipeline->Illuminate\\Routing\\{closure}(Object(Illuminate\\Http\\Request))
#46 C:\\xampp\\htdocs\\zakah_app\\vendor\\laravel\\framework\\src\\Illuminate\\Foundation\\Http\\Kernel.php(151): Illuminate\\Pipeline\\Pipeline->then(Object(Closure))
#47 C:\\xampp\\htdocs\\zakah_app\\vendor\\laravel\\framework\\src\\Illuminate\\Foundation\\Http\\Kernel.php(116): Illuminate\\Foundation\\Http\\Kernel->sendRequestThroughRouter(Object(Illuminate\\Http\\Request))
#48 C:\\xampp\\htdocs\\zakah_app\\public\\index.php(55): Illuminate\\Foundation\\Http\\Kernel->handle(Object(Illuminate\\Http\\Request))
#49 C:\\xampp\\htdocs\\zakah_app\\server.php(21): require_once('C:\\\\xampp\\\\htdocs...')
#50 {main}
"} 
[2021-12-16 06:34:39] local.INFO: delete_1  
[2021-12-16 06:34:41] local.INFO: array (
  'headers' => 'HTTP/2 200 
date: Thu, 16 Dec 2021 06:34:41 GMT
content-type: application/json
cache-control: no-cache, private
sp_signature: 3db4c0d6a2a76aa20e647bdb7266638e722b1ed3bd9f3c169ac337da105866f5
signature: 3db4c0d6a2a76aa20e647bdb7266638e722b1ed3bd9f3c169ac337da105866f5
x-ratelimit-limit: 60
x-ratelimit-remaining: 59
accept: */*
access-control-allow-origin: *
access-control-allow-credentials: true
access-control-allow-methods: GET, POST, PUT, DELETE, OPTIONS
access-control-allow-headers: *
access-control-expose-headers: signature, sp_signature, Signature
content-security-policy: script-src \'self\' \'unsafe-inline\' \'unsafe-eval\' *.pagespeed-mod.com *.google-analytics.com widget.intercom.io cdn.jsdelivr.net maxcdn.bootstrapcdn.com *.shuftipro.com shuftipro.com static.cloudflareinsights.com *.intercomcdn.com code.jquery.com maxcdn.bootstrappcdn.com *.intercom.io *.cloudflare.com; report-uri /log/errors/report
strict-transport-security: max-age=31536000; includeSubDomains
x-content-type-options: nosniff
x-xss-protection: 1; mode=block
cf-cache-status: DYNAMIC
expect-ct: max-age=604800, report-uri="https://report-uri.cloudflare.com/cdn-cgi/beacon/expect-ct"
server: cloudflare
cf-ray: 6be5e322c80c31f3-BOM

',
  'body' => '{"reference":"ref-271349","event":"request.deleted"}',
)  
[2021-12-16 06:34:41] local.INFO: {"reference":"ref-271349","event":"request.deleted"}  
[2021-12-16 06:34:54] local.INFO: delete_1  
[2021-12-16 06:34:56] local.INFO: array (
  'headers' => 'HTTP/2 200 
date: Thu, 16 Dec 2021 06:34:56 GMT
content-type: application/json
cache-control: no-cache, private
sp_signature: 6f51914e9685d9e2529f7673a73420536a8b6731a344fa83da77837344b8b1c3
signature: 6f51914e9685d9e2529f7673a73420536a8b6731a344fa83da77837344b8b1c3
x-ratelimit-limit: 60
x-ratelimit-remaining: 58
accept: */*
access-control-allow-origin: *
access-control-allow-credentials: true
access-control-allow-methods: GET, POST, PUT, DELETE, OPTIONS
access-control-allow-headers: *
access-control-expose-headers: signature, sp_signature, Signature
content-security-policy: script-src \'self\' \'unsafe-inline\' \'unsafe-eval\' *.pagespeed-mod.com *.google-analytics.com widget.intercom.io cdn.jsdelivr.net maxcdn.bootstrapcdn.com *.shuftipro.com shuftipro.com static.cloudflareinsights.com *.intercomcdn.com code.jquery.com maxcdn.bootstrappcdn.com *.intercom.io *.cloudflare.com; report-uri /log/errors/report
strict-transport-security: max-age=31536000; includeSubDomains
x-content-type-options: nosniff
x-xss-protection: 1; mode=block
cf-cache-status: DYNAMIC
expect-ct: max-age=604800, report-uri="https://report-uri.cloudflare.com/cdn-cgi/beacon/expect-ct"
server: cloudflare
cf-ray: 6be5e381cba92e16-BOM

',
  'body' => '{"reference":"ref-271349","event":"request.invalid"}',
)  
[2021-12-16 06:34:56] local.INFO: {"reference":"ref-271349","event":"request.invalid"}  
[2021-12-16 06:35:24] local.INFO: delete_1  
[2021-12-16 06:35:25] local.INFO: array (
  'headers' => 'HTTP/2 200 
date: Thu, 16 Dec 2021 06:35:26 GMT
content-type: application/json
cache-control: no-cache, private
sp_signature: 6f51914e9685d9e2529f7673a73420536a8b6731a344fa83da77837344b8b1c3
signature: 6f51914e9685d9e2529f7673a73420536a8b6731a344fa83da77837344b8b1c3
x-ratelimit-limit: 60
x-ratelimit-remaining: 59
accept: */*
access-control-allow-origin: *
access-control-allow-credentials: true
access-control-allow-methods: GET, POST, PUT, DELETE, OPTIONS
access-control-allow-headers: *
access-control-expose-headers: signature, sp_signature, Signature
content-security-policy: script-src \'self\' \'unsafe-inline\' \'unsafe-eval\' *.pagespeed-mod.com *.google-analytics.com widget.intercom.io cdn.jsdelivr.net maxcdn.bootstrapcdn.com *.shuftipro.com shuftipro.com static.cloudflareinsights.com *.intercomcdn.com code.jquery.com maxcdn.bootstrappcdn.com *.intercom.io *.cloudflare.com; report-uri /log/errors/report
strict-transport-security: max-age=31536000; includeSubDomains
x-content-type-options: nosniff
x-xss-protection: 1; mode=block
cf-cache-status: DYNAMIC
expect-ct: max-age=604800, report-uri="https://report-uri.cloudflare.com/cdn-cgi/beacon/expect-ct"
server: cloudflare
cf-ray: 6be5e4391b920e38-BOM

',
  'body' => '{"reference":"ref-271349","event":"request.invalid"}',
)  
[2021-12-16 06:35:25] local.INFO: {"reference":"ref-271349","event":"request.invalid"}  
[2021-12-16 06:35:43] local.INFO: delete_1  
[2021-12-16 06:35:45] local.INFO: array (
  'headers' => 'HTTP/2 200 
date: Thu, 16 Dec 2021 06:35:45 GMT
content-type: application/json
cache-control: no-cache, private
sp_signature: 6f51914e9685d9e2529f7673a73420536a8b6731a344fa83da77837344b8b1c3
signature: 6f51914e9685d9e2529f7673a73420536a8b6731a344fa83da77837344b8b1c3
x-ratelimit-limit: 60
x-ratelimit-remaining: 59
accept: */*
access-control-allow-origin: *
access-control-allow-credentials: true
access-control-allow-methods: GET, POST, PUT, DELETE, OPTIONS
access-control-allow-headers: *
access-control-expose-headers: signature, sp_signature, Signature
content-security-policy: script-src \'self\' \'unsafe-inline\' \'unsafe-eval\' *.pagespeed-mod.com *.google-analytics.com widget.intercom.io cdn.jsdelivr.net maxcdn.bootstrapcdn.com *.shuftipro.com shuftipro.com static.cloudflareinsights.com *.intercomcdn.com code.jquery.com maxcdn.bootstrappcdn.com *.intercom.io *.cloudflare.com; report-uri /log/errors/report
strict-transport-security: max-age=31536000; includeSubDomains
x-content-type-options: nosniff
x-xss-protection: 1; mode=block
cf-cache-status: DYNAMIC
expect-ct: max-age=604800, report-uri="https://report-uri.cloudflare.com/cdn-cgi/beacon/expect-ct"
server: cloudflare
cf-ray: 6be5e4b68aba8558-BOM

',
  'body' => '{"reference":"ref-271349","event":"request.invalid"}',
)  
[2021-12-16 06:35:45] local.INFO: {"reference":"ref-271349","event":"request.invalid"}  
[2021-12-16 06:35:57] local.INFO: delete_1  
[2021-12-16 06:35:58] local.INFO: array (
  'headers' => 'HTTP/2 200 
date: Thu, 16 Dec 2021 06:35:59 GMT
content-type: application/json
cache-control: no-cache, private
sp_signature: 6f51914e9685d9e2529f7673a73420536a8b6731a344fa83da77837344b8b1c3
signature: 6f51914e9685d9e2529f7673a73420536a8b6731a344fa83da77837344b8b1c3
x-ratelimit-limit: 60
x-ratelimit-remaining: 58
accept: */*
access-control-allow-origin: *
access-control-allow-credentials: true
access-control-allow-methods: GET, POST, PUT, DELETE, OPTIONS
access-control-allow-headers: *
access-control-expose-headers: signature, sp_signature, Signature
content-security-policy: script-src \'self\' \'unsafe-inline\' \'unsafe-eval\' *.pagespeed-mod.com *.google-analytics.com widget.intercom.io cdn.jsdelivr.net maxcdn.bootstrapcdn.com *.shuftipro.com shuftipro.com static.cloudflareinsights.com *.intercomcdn.com code.jquery.com maxcdn.bootstrappcdn.com *.intercom.io *.cloudflare.com; report-uri /log/errors/report
strict-transport-security: max-age=31536000; includeSubDomains
x-content-type-options: nosniff
x-xss-protection: 1; mode=block
cf-cache-status: DYNAMIC
expect-ct: max-age=604800, report-uri="https://report-uri.cloudflare.com/cdn-cgi/beacon/expect-ct"
server: cloudflare
cf-ray: 6be5e506fef32e52-BOM

',
  'body' => '{"reference":"ref-271349","event":"request.invalid"}',
)  
[2021-12-16 06:35:58] local.INFO: {"reference":"ref-271349","event":"request.invalid"}  
[2021-12-16 06:37:40] local.INFO: delete_1  
[2021-12-16 06:37:42] local.INFO: array (
  'headers' => 'HTTP/2 200 
date: Thu, 16 Dec 2021 06:37:42 GMT
content-type: application/json
cache-control: no-cache, private
sp_signature: 6f51914e9685d9e2529f7673a73420536a8b6731a344fa83da77837344b8b1c3
signature: 6f51914e9685d9e2529f7673a73420536a8b6731a344fa83da77837344b8b1c3
x-ratelimit-limit: 60
x-ratelimit-remaining: 59
accept: */*
access-control-allow-origin: *
access-control-allow-credentials: true
access-control-allow-methods: GET, POST, PUT, DELETE, OPTIONS
access-control-allow-headers: *
access-control-expose-headers: signature, sp_signature, Signature
content-security-policy: script-src \'self\' \'unsafe-inline\' \'unsafe-eval\' *.pagespeed-mod.com *.google-analytics.com widget.intercom.io cdn.jsdelivr.net maxcdn.bootstrapcdn.com *.shuftipro.com shuftipro.com static.cloudflareinsights.com *.intercomcdn.com code.jquery.com maxcdn.bootstrappcdn.com *.intercom.io *.cloudflare.com; report-uri /log/errors/report
strict-transport-security: max-age=31536000; includeSubDomains
x-content-type-options: nosniff
x-xss-protection: 1; mode=block
cf-cache-status: DYNAMIC
expect-ct: max-age=604800, report-uri="https://report-uri.cloudflare.com/cdn-cgi/beacon/expect-ct"
server: cloudflare
cf-ray: 6be5e78e4c1f8600-BOM

',
  'body' => '{"reference":"ref-271349","event":"request.invalid"}',
)  
[2021-12-16 06:37:42] local.INFO: {"reference":"ref-271349","event":"request.invalid"}  
[2021-12-16 06:38:33] local.INFO: delete_1  
[2021-12-16 06:38:35] local.INFO: array (
  'headers' => 'HTTP/2 200 
date: Thu, 16 Dec 2021 06:38:35 GMT
content-type: application/json
cache-control: no-cache, private
sp_signature: 7bbbf67d3755859d589a0f29daa3e7273f8023148b7e89c5bf5de76a51946f51
signature: 7bbbf67d3755859d589a0f29daa3e7273f8023148b7e89c5bf5de76a51946f51
x-ratelimit-limit: 60
x-ratelimit-remaining: 59
accept: */*
access-control-allow-origin: *
access-control-allow-credentials: true
access-control-allow-methods: GET, POST, PUT, DELETE, OPTIONS
access-control-allow-headers: *
access-control-expose-headers: signature, sp_signature, Signature
content-security-policy: script-src \'self\' \'unsafe-inline\' \'unsafe-eval\' *.pagespeed-mod.com *.google-analytics.com widget.intercom.io cdn.jsdelivr.net maxcdn.bootstrapcdn.com *.shuftipro.com shuftipro.com static.cloudflareinsights.com *.intercomcdn.com code.jquery.com maxcdn.bootstrappcdn.com *.intercom.io *.cloudflare.com; report-uri /log/errors/report
strict-transport-security: max-age=31536000; includeSubDomains
x-content-type-options: nosniff
x-xss-protection: 1; mode=block
cf-cache-status: DYNAMIC
expect-ct: max-age=604800, report-uri="https://report-uri.cloudflare.com/cdn-cgi/beacon/expect-ct"
server: cloudflare
cf-ray: 6be5e8d6c89084a1-BOM

',
  'body' => '{"reference":"ref-211125","event":"request.deleted"}',
)  
[2021-12-16 06:38:35] local.INFO: {"reference":"ref-211125","event":"request.deleted"}  
[2021-12-16 06:57:29] local.INFO: delete_1  
[2021-12-16 06:57:30] local.INFO: array (
  'headers' => 'HTTP/2 200 
date: Thu, 16 Dec 2021 06:57:30 GMT
content-type: application/json
cache-control: no-cache, private
sp_signature: 3eb63fe13cd98c1b66f856ca3344a33d2374cbd63f5437f457e5abf676fc2815
signature: 3eb63fe13cd98c1b66f856ca3344a33d2374cbd63f5437f457e5abf676fc2815
x-ratelimit-limit: 60
x-ratelimit-remaining: 59
accept: */*
access-control-allow-origin: *
access-control-allow-credentials: true
access-control-allow-methods: GET, POST, PUT, DELETE, OPTIONS
access-control-allow-headers: *
access-control-expose-headers: signature, sp_signature, Signature
content-security-policy: script-src \'self\' \'unsafe-inline\' \'unsafe-eval\' *.pagespeed-mod.com *.google-analytics.com widget.intercom.io cdn.jsdelivr.net maxcdn.bootstrapcdn.com *.shuftipro.com shuftipro.com static.cloudflareinsights.com *.intercomcdn.com code.jquery.com maxcdn.bootstrappcdn.com *.intercom.io *.cloudflare.com; report-uri /log/errors/report
strict-transport-security: max-age=31536000; includeSubDomains
x-content-type-options: nosniff
x-xss-protection: 1; mode=block
cf-cache-status: DYNAMIC
expect-ct: max-age=604800, report-uri="https://report-uri.cloudflare.com/cdn-cgi/beacon/expect-ct"
server: cloudflare
cf-ray: 6be60491dd06318d-BOM

',
  'body' => '{"reference":"ref-211125","event":"request.invalid"}',
)  
[2021-12-16 06:57:30] local.INFO: {"reference":"ref-211125","event":"request.invalid"}  
[2021-12-16 07:32:15] local.INFO: delete_1  
[2021-12-16 07:32:17] local.INFO: array (
  'headers' => 'HTTP/2 200 
date: Thu, 16 Dec 2021 07:32:17 GMT
content-type: application/json
cache-control: no-cache, private
sp_signature: 3eb63fe13cd98c1b66f856ca3344a33d2374cbd63f5437f457e5abf676fc2815
signature: 3eb63fe13cd98c1b66f856ca3344a33d2374cbd63f5437f457e5abf676fc2815
x-ratelimit-limit: 60
x-ratelimit-remaining: 59
accept: */*
access-control-allow-origin: *
access-control-allow-credentials: true
access-control-allow-methods: GET, POST, PUT, DELETE, OPTIONS
access-control-allow-headers: *
access-control-expose-headers: signature, sp_signature, Signature
content-security-policy: script-src \'self\' \'unsafe-inline\' \'unsafe-eval\' *.pagespeed-mod.com *.google-analytics.com widget.intercom.io cdn.jsdelivr.net maxcdn.bootstrapcdn.com *.shuftipro.com shuftipro.com static.cloudflareinsights.com *.intercomcdn.com code.jquery.com maxcdn.bootstrappcdn.com *.intercom.io *.cloudflare.com; report-uri /log/errors/report
strict-transport-security: max-age=31536000; includeSubDomains
x-content-type-options: nosniff
x-xss-protection: 1; mode=block
cf-cache-status: DYNAMIC
expect-ct: max-age=604800, report-uri="https://report-uri.cloudflare.com/cdn-cgi/beacon/expect-ct"
server: cloudflare
cf-ray: 6be6378448fa84fb-BOM

',
  'body' => '{"reference":"ref-211125","event":"request.invalid"}',
)  
[2021-12-16 07:32:17] local.INFO: {"reference":"ref-211125","event":"request.invalid"}  
[2021-12-16 07:48:43] local.INFO: delete_1  
[2021-12-16 07:48:45] local.INFO: array (
  'headers' => 'HTTP/2 200 
date: Thu, 16 Dec 2021 07:48:45 GMT
content-type: application/json
cache-control: no-cache, private
sp_signature: 3eb63fe13cd98c1b66f856ca3344a33d2374cbd63f5437f457e5abf676fc2815
signature: 3eb63fe13cd98c1b66f856ca3344a33d2374cbd63f5437f457e5abf676fc2815
x-ratelimit-limit: 60
x-ratelimit-remaining: 59
accept: */*
access-control-allow-origin: *
access-control-allow-credentials: true
access-control-allow-methods: GET, POST, PUT, DELETE, OPTIONS
access-control-allow-headers: *
access-control-expose-headers: signature, sp_signature, Signature
content-security-policy: script-src \'self\' \'unsafe-inline\' \'unsafe-eval\' *.pagespeed-mod.com *.google-analytics.com widget.intercom.io cdn.jsdelivr.net maxcdn.bootstrapcdn.com *.shuftipro.com shuftipro.com static.cloudflareinsights.com *.intercomcdn.com code.jquery.com maxcdn.bootstrappcdn.com *.intercom.io *.cloudflare.com; report-uri /log/errors/report
strict-transport-security: max-age=31536000; includeSubDomains
x-content-type-options: nosniff
x-xss-protection: 1; mode=block
cf-cache-status: DYNAMIC
expect-ct: max-age=604800, report-uri="https://report-uri.cloudflare.com/cdn-cgi/beacon/expect-ct"
server: cloudflare
cf-ray: 6be64fa3df2b85a2-BOM

',
  'body' => '{"reference":"ref-211125","event":"request.invalid"}',
)  
[2021-12-16 07:48:45] local.INFO: {"reference":"ref-211125","event":"request.invalid"}  
